<?xml version="1.0" encoding="UTF-8"?>
<!-- Generated by org.testng.reporters.JUnitReportReporter -->
<testsuite hostname="L-156230891" failures="0" tests="11" name="cucumberOptions.TestRunner" time="7.651" errors="0" timestamp="2020-09-08T01:47:46 IST" skipped="0">
  <testcase classname="cucumberOptions.TestRunner" name="runScenario" time="0.537"/>
  <system-out/>
  <testcase classname="cucumberOptions.TestRunner" name="runScenario" time="1.027"/>
  <system-out/>
  <testcase classname="cucumberOptions.TestRunner" name="runScenario" time="2.484"/>
  <system-out/>
  <testcase classname="cucumberOptions.TestRunner" name="runScenario" time="0.630"/>
  <system-out/>
  <testcase classname="cucumberOptions.TestRunner" name="runScenario" time="0.581"/>
  <system-out/>
  <testcase classname="cucumberOptions.TestRunner" name="runScenario" time="0.249"/>
  <system-out/>
  <testcase classname="cucumberOptions.TestRunner" name="runScenario" time="0.264"/>
  <system-out/>
  <testcase classname="cucumberOptions.TestRunner" name="runScenario" time="0.650"/>
  <system-out/>
  <testcase classname="cucumberOptions.TestRunner" name="runScenario" time="0.577"/>
  <system-out/>
  <testcase classname="cucumberOptions.TestRunner" name="runScenario" time="0.213"/>
  <system-out/>
  <testcase classname="cucumberOptions.TestRunner" name="runScenario" time="0.439"/>
  <system-out/>
</testsuite> <!-- cucumberOptions.TestRunner -->
