<?xml version="1.0" encoding="UTF-8"?>
<!-- Generated by org.testng.reporters.JUnitReportReporter -->
<testsuite hostname="L-156230891" failures="0" tests="5" name="cucumberOptions.TestRunnerRegression" time="2.263" errors="0" timestamp="2020-09-08T02:06:25 IST" skipped="0">
  <testcase classname="cucumberOptions.TestRunnerRegression" name="runScenario" time="0.263"/>
  <system-out/>
  <testcase classname="cucumberOptions.TestRunnerRegression" name="runScenario" time="0.460"/>
  <system-out/>
  <testcase classname="cucumberOptions.TestRunnerRegression" name="runScenario" time="0.661"/>
  <system-out/>
  <testcase classname="cucumberOptions.TestRunnerRegression" name="runScenario" time="0.654"/>
  <system-out/>
  <testcase classname="cucumberOptions.TestRunnerRegression" name="runScenario" time="0.225"/>
  <system-out/>
</testsuite> <!-- cucumberOptions.TestRunnerRegression -->
