<?xml version="1.0" encoding="UTF-8"?>
<!-- Generated by org.testng.reporters.JUnitReportReporter -->
<testsuite hostname="L-156230891" failures="0" tests="1" name="execution.First" time="0.010" errors="0" timestamp="2020-09-07T18:54:48 IST" skipped="0">
  <testcase classname="execution.First" name="abc" time="0.010"/>
  <system-out/>
</testsuite> <!-- execution.First -->
